Arguments: 
  /usr/local/Cellar/node/9.3.0_1/bin/node /usr/local/Cellar/yarn/1.3.2/libexec/bin/yarn.js add @fortawesome/fontawesome-pro-brands

PATH: 
  /Users/juampi/.rbenv/shims:/usr/local/bin:/usr/bin:/bin:/usr/sbin:/sbin:/Library/TeX/texbin:/Applications/Postgres.app/Contents/Versions/latest/bin:/Users/juampi/.rbenv/shims

Yarn version: 
  1.3.2

Node version: 
  9.3.0

Platform: 
  darwin x64

npm manifest: 
  {
    "name": "hackergateway",
    "private": true,
    "dependencies": {
      "@fortawesome/fontawesome": "^1.1.1",
      "@fortawesome/fontawesome-pro-solid": "^5.0.3",
      "bootstrap": "^4.0.0-beta.3",
      "bootswatch": "^4.0.0-beta.3",
      "jquery-ujs": "^1.2.2",
      "timeago": "^1.6.1"
    }
  }

yarn manifest: 
  No manifest

Lockfile: 
  # THIS IS AN AUTOGENERATED FILE. DO NOT EDIT THIS FILE DIRECTLY.
  # yarn lockfile v1
  
  
  "@fortawesome/fontawesome-common-types@^0.1.0":
    version "0.1.0"
    resolved "https://npm.fontawesome.com/C174E87F-6951-4A17-B2D5-E8851F37F956/@fortawesome/fontawesome-common-types/-/fontawesome-common-types-0.1.0.tgz#74390593716ad1137f61e11b6e07c4a5d2482b5e"
  
  "@fortawesome/fontawesome-pro-solid@^5.0.3":
    version "5.0.3"
    resolved "https://npm.fontawesome.com/C174E87F-6951-4A17-B2D5-E8851F37F956/@fortawesome/fontawesome-pro-solid/-/fontawesome-pro-solid-5.0.3.tgz#ae3c92275c524724b27d417ecdbb4072b841198d"
    dependencies:
      "@fortawesome/fontawesome-common-types" "^0.1.0"
  
  "@fortawesome/fontawesome@^1.1.1":
    version "1.1.1"
    resolved "https://npm.fontawesome.com/C174E87F-6951-4A17-B2D5-E8851F37F956/@fortawesome/fontawesome/-/fontawesome-1.1.1.tgz#016a850aac97de1b55df4b61e446b72abadb1d91"
    dependencies:
      "@fortawesome/fontawesome-common-types" "^0.1.0"
  
  bootstrap@^4.0.0-beta.3:
    version "4.0.0-beta.3"
    resolved "https://registry.yarnpkg.com/bootstrap/-/bootstrap-4.0.0-beta.3.tgz#60f0660bc3d121176514b361f6f83201c7ff8874"
  
  bootswatch@^4.0.0-beta.3:
    version "4.0.0-beta.3"
    resolved "https://registry.yarnpkg.com/bootswatch/-/bootswatch-4.0.0-beta.3.tgz#5339dce055c1011f291467364b0a2588180e8c37"
    dependencies:
      bootstrap "^4.0.0-beta.3"
      jquery ">=1.9.1"
      popper.js "^1.12.9"
  
  jquery-ujs@^1.2.2:
    version "1.2.2"
    resolved "https://registry.yarnpkg.com/jquery-ujs/-/jquery-ujs-1.2.2.tgz#6a8ef1020e6b6dda385b90a4bddc128c21c56397"
    dependencies:
      jquery ">=1.8.0"
  
  jquery@>=1.2.3, jquery@>=1.8.0, jquery@>=1.9.1:
    version "3.2.1"
    resolved "https://registry.yarnpkg.com/jquery/-/jquery-3.2.1.tgz#5c4d9de652af6cd0a770154a631bba12b015c787"
  
  popper.js@^1.12.9:
    version "1.12.9"
    resolved "https://registry.yarnpkg.com/popper.js/-/popper.js-1.12.9.tgz#0dfbc2dff96c451bb332edcfcfaaf566d331d5b3"
  
  timeago@^1.6.1:
    version "1.6.1"
    resolved "https://registry.yarnpkg.com/timeago/-/timeago-1.6.1.tgz#fa9aa932e6cfae1f0c9b62f49d8a6071fdf69c5b"
    dependencies:
      jquery ">=1.2.3"

Trace: 
  Error: https://npm.fontawesome.com/C174E87F-6951-4A17-B2D5-E8851F37F956/@fortawesome%2ffontawesome-pro-brands: Not found
      at Request.params.callback [as _callback] (/usr/local/Cellar/yarn/1.3.2/libexec/lib/cli.js:62098:18)
      at Request.self.callback (/usr/local/Cellar/yarn/1.3.2/libexec/lib/cli.js:123085:22)
      at Request.emit (events.js:159:13)
      at Request.<anonymous> (/usr/local/Cellar/yarn/1.3.2/libexec/lib/cli.js:124068:10)
      at Request.emit (events.js:159:13)
      at IncomingMessage.<anonymous> (/usr/local/Cellar/yarn/1.3.2/libexec/lib/cli.js:123988:12)
      at Object.onceWrapper (events.js:254:19)
      at IncomingMessage.emit (events.js:164:20)
      at endReadableNT (_stream_readable.js:1062:12)
      at process._tickCallback (internal/process/next_tick.js:152:19)
